<?xml version="1.0" encoding="UTF-8"?>
<testsuite name="com.example.taskapi.TaskApiApplicationTests" tests="1" skipped="0" failures="0" errors="0" timestamp="2023-11-21T06:18:46" hostname="amica-Latitude-3420" time="0.443">
  <properties/>
  <testcase name="contextLoads()" classname="com.example.taskapi.TaskApiApplicationTests" time="0.443"/>
  <system-out><![CDATA[11:48:43.724 [Test worker] INFO org.springframework.test.context.support.AnnotationConfigContextLoaderUtils -- Could not detect default configuration classes for test class [com.example.taskapi.TaskApiApplicationTests]: TaskApiApplicationTests does not declare any static, non-private, non-final, nested classes annotated with @Configuration.
11:48:43.804 [Test worker] INFO org.springframework.boot.test.context.SpringBootTestContextBootstrapper -- Found @SpringBootConfiguration com.example.taskapi.TaskApiApplication for test class com.example.taskapi.TaskApiApplicationTests

  .   ____          _            __ _ _
 /\\ / ___'_ __ _ _(_)_ __  __ _ \ \ \ \
( ( )\___ | '_ | '_| | '_ \/ _` | \ \ \ \
 \\/  ___)| |_)| | | | | || (_| |  ) ) ) )
  '  |____| .__|_| |_|_| |_\__, | / / / /
 =========|_|==============|___/=/_/_/_/
 :: Spring Boot ::                (v3.1.5)

2023-11-21T11:48:44.103+05:30  INFO 12085 --- [    Test worker] c.e.taskapi.TaskApiApplicationTests      : Starting TaskApiApplicationTests using Java 17.0.2 with PID 12085 (started by keshavkumar in /home/keshavkumar/learning/task-api)
2023-11-21T11:48:44.105+05:30  INFO 12085 --- [    Test worker] c.e.taskapi.TaskApiApplicationTests      : No active profile set, falling back to 1 default profile: "default"
2023-11-21T11:48:44.686+05:30  INFO 12085 --- [    Test worker] .s.d.r.c.RepositoryConfigurationDelegate : Bootstrapping Spring Data JPA repositories in DEFAULT mode.
2023-11-21T11:48:44.740+05:30  INFO 12085 --- [    Test worker] .s.d.r.c.RepositoryConfigurationDelegate : Finished Spring Data repository scanning in 44 ms. Found 2 JPA repository interfaces.
2023-11-21T11:48:45.074+05:30  INFO 12085 --- [    Test worker] o.hibernate.jpa.internal.util.LogHelper  : HHH000204: Processing PersistenceUnitInfo [name: default]
2023-11-21T11:48:45.112+05:30  INFO 12085 --- [    Test worker] org.hibernate.Version                    : HHH000412: Hibernate ORM core version 6.2.13.Final
2023-11-21T11:48:45.114+05:30  INFO 12085 --- [    Test worker] org.hibernate.cfg.Environment            : HHH000406: Using bytecode reflection optimizer
2023-11-21T11:48:45.324+05:30  INFO 12085 --- [    Test worker] o.s.o.j.p.SpringPersistenceUnitInfo      : No LoadTimeWeaver setup: ignoring JPA class transformer
2023-11-21T11:48:45.349+05:30  INFO 12085 --- [    Test worker] com.zaxxer.hikari.HikariDataSource       : HikariPool-1 - Starting...
2023-11-21T11:48:45.610+05:30  INFO 12085 --- [    Test worker] com.zaxxer.hikari.pool.HikariPool        : HikariPool-1 - Added connection org.postgresql.jdbc.PgConnection@5fb07347
2023-11-21T11:48:45.612+05:30  INFO 12085 --- [    Test worker] com.zaxxer.hikari.HikariDataSource       : HikariPool-1 - Start completed.
2023-11-21T11:48:46.240+05:30  INFO 12085 --- [    Test worker] o.h.e.t.j.p.i.JtaPlatformInitiator       : HHH000489: No JTA platform available (set 'hibernate.transaction.jta.platform' to enable JTA platform integration)
2023-11-21T11:48:46.280+05:30  INFO 12085 --- [    Test worker] j.LocalContainerEntityManagerFactoryBean : Initialized JPA EntityManagerFactory for persistence unit 'default'
2023-11-21T11:48:46.670+05:30  WARN 12085 --- [    Test worker] JpaBaseConfiguration$JpaWebConfiguration : spring.jpa.open-in-view is enabled by default. Therefore, database queries may be performed during view rendering. Explicitly configure spring.jpa.open-in-view to disable this warning
2023-11-21T11:48:46.956+05:30  INFO 12085 --- [    Test worker] c.e.taskapi.TaskApiApplicationTests      : Started TaskApiApplicationTests in 3.039 seconds (process running for 3.98)
]]></system-out>
  <system-err><![CDATA[]]></system-err>
</testsuite>
